<?xml version="1.0" encoding="UTF-8"?>
<!-- Generated by org.testng.reporters.JUnitReportReporter -->
<testsuite hostname="LAPTOP-Aditya" failures="0" tests="1" name="organizationTest.ToCreateOrgWithTypeTest" time="13.971" errors="0" timestamp="2025-06-26T12:30:31 IST" skipped="0">
  <testcase classname="organizationTest.ToCreateOrgWithTypeTest" name="toCreateOrgWithTypeTest_003" time="13.971"/>
</testsuite> <!-- organizationTest.ToCreateOrgWithTypeTest -->
