<?xml version="1.0" encoding="UTF-8"?>
<!-- Generated by org.testng.reporters.JUnitReportReporter -->
<testsuite hostname="LAPTOP-Aditya" failures="0" tests="1" name="contactTests.ToCreateContactWithOrgTest" time="14.621" errors="0" timestamp="2025-06-26T12:30:31 IST" skipped="0">
  <testcase classname="contactTests.ToCreateContactWithOrgTest" name="toCreateContactWithOrg_002" time="14.621"/>
</testsuite> <!-- contactTests.ToCreateContactWithOrgTest -->
