<?xml version="1.0" encoding="UTF-8"?>
<!-- Generated by org.testng.reporters.JUnitReportReporter -->
<testsuite hostname="LAPTOP-Aditya" failures="0" tests="1" name="organizationTest.ToCreateOrgWithIndustryTest" time="13.638" errors="0" timestamp="2025-06-26T12:30:31 IST" skipped="0">
  <testcase classname="organizationTest.ToCreateOrgWithIndustryTest" name="toCreateOrgWithIndustry_001" time="13.638"/>
</testsuite> <!-- organizationTest.ToCreateOrgWithIndustryTest -->
